make all --print-data-base --no-builtin-variables --no-builtin-rules --question
# GNU Make 3.81
# Copyright (C) 2006  Free Software Foundation, Inc.
# This is free software; see the source for copying conditions.
# There is NO warranty; not even for MERCHANTABILITY or FITNESS FOR A
# PARTICULAR PURPOSE.

# This program built for i386-apple-darwin11.3.0

# Make data base, printed on Wed May 11 11:26:12 2022

# Variables

# automatic
<D = $(patsubst %/,%,$(dir $<))
# environment
PIPENV_PYTHON = /Users/pablo/.pyenv/shims/python
# environment
JABBA_HOME = /Users/pablo/.jabba
# automatic
?F = $(notdir $?)
# environment
ELECTRON_NO_ATTACH_CONSOLE = 1
# environment
VSCODE_LOG_NATIVE = false
# environment
NVM_INC = /Users/pablo/.nvm/versions/node/v16.13.2/include/node
# automatic
?D = $(patsubst %/,%,$(dir $?))
# environment
PLATFORMIO_IDE = 2.4.3
# automatic
@D = $(patsubst %/,%,$(dir $@))
# automatic
@F = $(notdir $@)
# makefile
CURDIR := /Users/pablo/Documents/projects/compuii-recumples
# makefile
SHELL = /bin/sh
# environment
VSCODE_NLS_CONFIG = {"locale":"es","availableLanguages":{},"_languagePackSupport":true}
# environment
_ = /usr/bin/make
# environment
KITTY_WINDOW_ID = 9
# environment
STARSHIP_SESSION_KEY = 3021624602707113
# environment
VSCODE_VERBOSE_LOGGING = true
# environment
KITTY_SHELL_INTEGRATION = enabled
# environment
VSCODE_IPC_HOOK_EXTHOST = /var/folders/fs/kv4k1_gd5szckzx6x89hg7y00000gn/T/vscode-ipc-6832b420-8d8c-4bc0-90a6-bb6a804dbb36.sock
# environment
MallocSpaceEfficient = 0
# environment
VSCODE_CWD = /Users/pablo/Documents/projects/compuii-recumples
# environment
NO_PROXY = 127.0.0.1
# environment
KITTY_PID = 8893
# environment
WINDOWID = 11065
# makefile (from `Makefile', line 1)
MAKEFILE_LIST :=  Makefile
# environment
NVM_BIN = /Users/pablo/.nvm/versions/node/v16.13.2/bin
# environment
VSCODE_LOG_STACK = false
# environment
ELECTRON_RUN_AS_NODE = 1
# environment
PYENV_ROOT = /Users/pablo/.pyenv
# environment
TERMINFO = /Applications/kitty.app/Contents/Resources/kitty/terminfo
# default
.FEATURES := target-specific order-only second-expansion else-if archives jobserver check-symlink
# environment
SSH_AUTH_SOCK = /private/tmp/com.apple.launchd.9cCzCmKI1t/Listeners
# automatic
%F = $(notdir $%)
# environment
DISPLAY = /private/tmp/com.apple.launchd.37gcpPSPRg/org.xquartz:0
# environment
TTY = /dev/ttys001
# environment
VSCODE_PIPE_LOGGING = true
# environment
FIG_PID = 98280
# environment
PWD = /Users/pablo/Documents/projects/compuii-recumples
# environment
ORIGINAL_XDG_CURRENT_DESKTOP = undefined
# environment
VSCODE_AMD_ENTRYPOINT = vs/workbench/api/node/extensionHostProcess
# environment
HOME = /Users/pablo
# default
MAKEFILEPATH := /Applications/Xcode.app/Contents/Developer/Makefiles
# environment
VSCODE_CLI = 1
# environment
VSCODE_CODE_CACHE_PATH = /Users/pablo/Library/Application Support/Code/CachedData/dfd34e8260c270da74b5c2d86d61aee4b6d56977
# environment
LOGNAME = pablo
# environment
APPLICATION_INSIGHTS_NO_DIAGNOSTIC_CHANNEL = 1
# environment
NVM_CD_FLAGS = -q
# environment
VSCODE_HANDLES_UNCAUGHT_ERRORS = true
# automatic
^D = $(patsubst %/,%,$(dir $^))
# environment
KITTY_INSTALLATION_DIR = /Applications/kitty.app/Contents/Resources/kitty
# environment
PLATFORMIO_PATH = /Users/pablo/.platformio/python3/bin:/Users/pablo/Library/Android/sdk/platform-tools/:/Users/pablo/bin:/usr/local/Cellar/pyenv-virtualenv/1.1.5/shims:/Users/pablo/.pyenv/shims:/Users/pablo/.pyenv/bin:/Users/pablo/.nvm/versions/node/v16.13.2/bin:/usr/local/bin:/usr/bin:/bin:/usr/sbin:/sbin:/Applications/VMware Fusion.app/Contents/Public:/usr/local/MacGPG2/bin:/opt/X11/bin:/Library/Apple/usr/bin:/Users/pablo/.cargo/bin:/Applications/kitty.app/Contents/MacOS:/Users/pablo/.fig/bin:/Users/pablo/.local/bin:/usr/local/opt/fzf/bin
# environment
COLORTERM = truecolor
# default
MAKE = $(MAKE_COMMAND)
# default
MAKECMDGOALS := all
# environment
PATH = /Users/pablo/Library/Android/sdk/platform-tools/:/Users/pablo/bin:/usr/local/Cellar/pyenv-virtualenv/1.1.5/shims:/Users/pablo/.pyenv/shims:/Users/pablo/.pyenv/bin:/Users/pablo/.nvm/versions/node/v16.13.2/bin:/usr/local/bin:/usr/bin:/bin:/usr/sbin:/sbin:/Applications/VMware Fusion.app/Contents/Public:/usr/local/MacGPG2/bin:/opt/X11/bin:/Library/Apple/usr/bin:/Users/pablo/.cargo/bin:/Applications/kitty.app/Contents/MacOS:/Users/pablo/.fig/bin:/Users/pablo/.local/bin:/usr/local/opt/fzf/bin
# environment
__CFBundleIdentifier = com.microsoft.VSCode
# environment
SHLVL = 4
# environment
FIG_TERM = 1
# environment
XPC_FLAGS = 0x0
# default
MAKE_VERSION := 3.81
# environment
USER = pablo
# environment
FIG_TERM_VERSION = 4.3.0
# environment
TERM_SESSION_ID = 8E3180FB-A128-4BBE-B227-7C93894CDECB
# automatic
%D = $(patsubst %/,%,$(dir $%))
# environment
FIG_INTEGRATION_VERSION = 8
# default
MAKE_COMMAND := /Applications/Xcode.app/Contents/Developer/usr/bin/make
# default
.VARIABLES := 
# environment
TMPDIR = /var/folders/fs/kv4k1_gd5szckzx6x89hg7y00000gn/T/
# automatic
*F = $(notdir $*)
# environment
VSCODE_IPC_HOOK = /Users/pablo/Library/Application Support/Code/1.66.2-main.sock
# environment
MallocNanoZone = 0
# makefile
MAKEFLAGS = Rrqp
# environment
MFLAGS = -Rrqp
# automatic
*D = $(patsubst %/,%,$(dir $*))
# environment
NVM_DIR = /Users/pablo/.nvm
# environment
XPC_SERVICE_NAME = application.com.microsoft.VSCode.8661100.8661106.497595EA-285A-4427-8764-EC2BA0D4B921
# automatic
+D = $(patsubst %/,%,$(dir $+))
# automatic
+F = $(notdir $+)
# environment
__CF_USER_TEXT_ENCODING = 0x1F5:0x0:0x8
# environment
COMMAND_MODE = unix2003
# environment
RPROMPT = %F{cyan%}13ms %F{reset_color%}
# default
MAKEFILES := 
# automatic
<F = $(notdir $<)
# environment
PLATFORMIO_CALLER = vscode
# environment
LC_ALL = C
# automatic
^F = $(notdir $^)
# environment
JABBA_VERSION = 0.11.2
# default
SUFFIXES := 
# environment
PYENV_VIRTUALENV_INIT = 1
# default
.INCLUDE_DIRS = /usr/local/include
# environment
MAKELEVEL := 0
# makefile
.DEFAULT_GOAL := all
# environment
CLICOLOR = 1
# environment
LANG = C
# environment
TERM = xterm-kitty
# environment
VSCODE_PID = 81928
# environment
STARSHIP_SHELL = zsh
# variable set hash-table stats:
# Load=98/1024=10%, Rehash=0, Collisions=10/124=8%

# Pattern-specific Variable Values

# No pattern-specific variable values.

# Directories

# . (device 16777223, inode 5579828): 39 files, no impossibilities.

# 39 files, no impossibilities in 1 directories.

# Implicit Rules

# No implicit rules.

# Files

all: recumples.s19
#  Command-line target.
#  Implicit rule search has been done.
#  File does not exist.
#  File has been updated.
#  Needs to be updated (-q is set).
# variable set hash-table stats:
# Load=0/32=0%, Rehash=0, Collisions=0/2=0%

# Not a target:
.SUFFIXES:
#  Implicit rule search has not been done.
#  Modification time never checked.
#  File has not been updated.

# Not a target:
Makefile:
#  Implicit rule search has been done.
#  Last modified 2022-05-09 12:15:15
#  File has been updated.
#  Successfully updated.
# variable set hash-table stats:
# Load=0/32=0%, Rehash=0, Collisions=0/0=0%

recumples_s.rel: recumples.asm
#  Implicit rule search has not been done.
#  Modification time never checked.
#  File has not been updated.
#  commands to execute (from `Makefile', line 10):
	as6809 -a -o recumples_s.rel recumples.asm
	

debug: recumples_s.s19
#  Implicit rule search has not been done.
#  Modification time never checked.
#  File has not been updated.
#  commands to execute (from `Makefile', line 17):
	m6809-run -d -C recumples_s.s19
	

# Not a target:
recumples.asm:
#  Implicit rule search has been done.
#  Last modified 2022-04-06 18:53:42
#  File has been updated.
#  Successfully updated.
# variable set hash-table stats:
# Load=0/32=0%, Rehash=0, Collisions=0/0=0%

recumples.rel: recumples.asm
#  Implicit rule search has not been done.
#  Implicit/static pattern stem: `'
#  Last modified 2022-03-17 12:06:34
#  File has been updated.
#  Needs to be updated (-q is set).
# automatic
# @ := recumples.rel
# automatic
# % := 
# automatic
# * := 
# automatic
# + := recumples.asm
# automatic
# | := 
# automatic
# < := recumples.asm
# automatic
# ^ := recumples.asm
# automatic
# ? := recumples.asm
# variable set hash-table stats:
 
# Load=8/32=25%, Rehash=0, Collisions=1/10=10%
#  commands to execute (from `Makefile', line 4):
	as6809 -o recumples.asm
	

# Not a target:
.DEFAULT:
#  Implicit rule search has not been done.
#  Modification time never checked.
#  File has not been updated.

recumples_s.s19: recumples_s.rel
#  Implicit rule search has not been done.
#  Modification time never checked.
#  File has not been updated.
#  commands to execute (from `Makefile', line 12):
	aslink -s -m -w recumples_s.rel
	

run: recumples.s19
#  Implicit rule search has not been done.
#  Modification time never checked.
#  File has not been updated.
#  commands to execute (from `Makefile', line 15):
	m6809-run -C recumples.s19
	

clean:
#  Implicit rule search has not been done.
#  Modification time never checked.
#  File has not been updated.
#  commands to execute (from `Makefile', line 20):
	rm recumples.rel recumples.s19 recumples_s.rel recumples_s.s19
	

recumples.s19: recumples.rel
#  Implicit rule search has not been done.
#  Last modified 2022-03-17 12:06:34
#  File has been updated.
#  Needs to be updated (-q is set).
# variable set hash-table stats:
# Load=0/32=0%, Rehash=0, Collisions=0/2=0%
#  commands to execute (from `Makefile', line 6):
	aslink -s recumples.rel
	

# files hash-table stats:
# Load=12/1024=1%, Rehash=0, Collisions=3/33=9%
# VPATH Search Paths

# No `vpath' search paths.

# No general (`VPATH' variable) search path.

# # of strings in strcache: 1
# # of strcache buffers: 1
# strcache size: total = 4096 / max = 4096 / min = 4096 / avg = 4096
# strcache free: total = 4087 / max = 4087 / min = 4087 / avg = 4087

# Finished Make data base on Wed May 11 11:26:12 2022

 
